TN:
SF:src/config/statusCode.js
FNF:0
FNH:0
DA:1,1
DA:12,1
LF:2
LH:2
BRF:0
BRH:0
end_of_record
TN:
SF:src/database/database.js
FN:22,connect
FN:32,getDb
FN:39,disconnect
FNF:3
FNH:0
FNDA:0,connect
FNDA:0,getDb
FNDA:0,disconnect
DA:1,0
DA:3,0
DA:4,0
DA:5,0
DA:6,0
DA:7,0
DA:11,0
DA:13,0
DA:16,0
DA:23,0
DA:25,0
DA:27,0
DA:28,0
DA:29,0
DA:33,0
DA:34,0
DA:36,0
DA:40,0
DA:41,0
DA:42,0
DA:46,0
LF:21
LH:0
BRDA:3,0,0,0
BRDA:3,0,1,0
BRDA:4,1,0,0
BRDA:4,1,1,0
BRDA:5,2,0,0
BRDA:5,2,1,0
BRDA:6,3,0,0
BRDA:6,3,1,0
BRDA:7,4,0,0
BRDA:7,4,1,0
BRDA:11,5,0,0
BRDA:11,5,1,0
BRDA:11,6,0,0
BRDA:11,6,1,0
BRDA:33,7,0,0
BRDA:33,7,1,0
BRDA:40,8,0,0
BRDA:40,8,1,0
BRF:18
BRH:0
end_of_record
TN:
SF:src/messaging/publisher.js
FN:7,startup
FN:23,publish
FN:34,(anonymous_2)
FNF:3
FNH:0
FNDA:0,startup
FNDA:0,publish
FNDA:0,(anonymous_2)
DA:1,0
DA:5,0
DA:8,0
DA:10,0
DA:13,0
DA:17,0
DA:19,0
DA:23,0
DA:24,0
DA:26,0
DA:29,0
DA:35,0
DA:36,0
DA:38,0
DA:45,0
DA:49,0
DA:53,0
LF:17
LH:0
BRDA:35,0,0,0
BRDA:35,0,1,0
BRF:2
BRH:0
end_of_record
TN:
SF:src/messaging/rabbitMQ.js
FN:7,getChannel
FN:25,(anonymous_1)
FN:30,(anonymous_2)
FN:41,(anonymous_3)
FNF:4
FNH:0
FNDA:0,getChannel
FNDA:0,(anonymous_1)
FNDA:0,(anonymous_2)
FNDA:0,(anonymous_3)
DA:1,0
DA:2,0
DA:8,0
DA:9,0
DA:11,0
DA:12,0
DA:16,0
DA:21,0
DA:22,0
DA:25,0
DA:26,0
DA:27,0
DA:30,0
DA:31,0
DA:32,0
DA:35,0
DA:37,0
DA:41,0
DA:45,0
DA:46,0
DA:49,0
DA:52,0
LF:22
LH:0
BRDA:2,0,0,0
BRDA:2,0,1,0
BRDA:8,1,0,0
BRDA:8,1,1,0
BRDA:45,2,0,0
BRDA:45,2,1,0
BRF:6
BRH:0
end_of_record
TN:
SF:src/models/item.js
FN:4,(anonymous_0)
FN:9,(anonymous_1)
FNF:2
FNH:0
FNDA:0,(anonymous_0)
FNDA:0,(anonymous_1)
DA:1,0
DA:5,0
DA:6,0
DA:10,0
DA:11,0
DA:15,0
LF:6
LH:0
BRF:0
BRH:0
end_of_record
TN:
SF:src/routes/items.js
FN:8,(anonymous_0)
FN:27,(anonymous_1)
FNF:2
FNH:1
FNDA:3,(anonymous_0)
FNDA:0,(anonymous_1)
DA:1,1
DA:2,1
DA:3,1
DA:4,1
DA:5,1
DA:8,1
DA:9,3
DA:10,3
DA:12,3
DA:14,2
DA:16,1
DA:19,0
DA:27,1
DA:28,0
DA:30,0
DA:31,0
DA:38,0
DA:39,0
DA:42,0
DA:49,0
DA:56,1
LF:21
LH:13
BRDA:12,0,0,2
BRDA:12,0,1,1
BRDA:30,1,0,0
BRDA:30,1,1,0
BRDA:30,2,0,0
BRDA:30,2,1,0
BRDA:30,2,2,0
BRF:7
BRH:2
end_of_record
TN:
SF:src/services/getItemService.js
FN:7,(anonymous_0)
FNF:1
FNH:0
FNDA:0,(anonymous_0)
DA:1,0
DA:7,0
DA:8,0
DA:9,0
DA:10,0
DA:16,0
DA:22,0
LF:7
LH:0
BRF:0
BRH:0
end_of_record
